<?xml version="1.0" encoding="UTF-8"?>
<testng-results skipped="0" failed="0" ignored="0" total="3" passed="3">
  <reporter-output>
  </reporter-output>
  <suite name="Default suite" duration-ms="101" started-at="2021-09-21T11:24:06Z" finished-at="2021-09-21T11:24:06Z">
    <groups>
    </groups>
    <test name="Default test" duration-ms="101" started-at="2021-09-21T11:24:06Z" finished-at="2021-09-21T11:24:06Z">
      <class name="com.comcast.contact.Contact">
        <test-method status="PASS" signature="CreateContactTest()[pri:0, instance:com.comcast.contact.Contact@520a3426]" name="CreateContactTest" duration-ms="17" started-at="2021-09-21T11:24:06Z" finished-at="2021-09-21T11:24:06Z">
          <reporter-output>
          </reporter-output>
        </test-method> <!-- CreateContactTest -->
        <test-method status="PASS" signature="CreateContactWithOrgTest()[pri:0, instance:com.comcast.contact.Contact@520a3426]" name="CreateContactWithOrgTest" duration-ms="3" started-at="2021-09-21T11:24:06Z" finished-at="2021-09-21T11:24:06Z">
          <reporter-output>
          </reporter-output>
        </test-method> <!-- CreateContactWithOrgTest -->
        <test-method status="PASS" signature="DeleteContact()[pri:0, instance:com.comcast.contact.Contact@520a3426]" name="DeleteContact" duration-ms="2" started-at="2021-09-21T11:24:06Z" finished-at="2021-09-21T11:24:06Z">
          <reporter-output>
          </reporter-output>
        </test-method> <!-- DeleteContact -->
      </class> <!-- com.comcast.contact.Contact -->
    </test> <!-- Default test -->
  </suite> <!-- Default suite -->
</testng-results>
