<?xml version="1.0" encoding="UTF-8"?>
<!-- Generated by org.testng.reporters.JUnitXMLReporter -->
<testsuite hostname="LAPTOP-81GDRJC4" ignored="0" name="Default test" tests="3" failures="0" timestamp="21 Sep 2021 11:24:06 GMT" time="0.101" errors="0">
  <testcase name="CreateContactTest" time="0.017" classname="com.comcast.contact.Contact"/>
  <testcase name="CreateContactWithOrgTest" time="0.003" classname="com.comcast.contact.Contact"/>
  <testcase name="DeleteContact" time="0.002" classname="com.comcast.contact.Contact"/>
</testsuite> <!-- Default test -->
